[Mon Dec  8 13:25:18 2008][info][Mojo::Server::Daemon:40] Server started (http://127.0.0.1:3000)
[Mon Dec  8 13:25:42 2008][debug][MojoX::Dispatcher::Routes:73] Dispatching "index" in "index(DayDayUp::Index)"
[Mon Dec  8 13:25:45 2008][debug][MojoX::Dispatcher::Routes:73] Dispatching "index" in "notes(DayDayUp::Notes)"
[Tue Dec  9 12:38:27 2008][info][Mojo::Server::Daemon:40] Server started (http://127.0.0.1:3000)
[Tue Dec  9 12:38:28 2008][debug][MojoX::Dispatcher::Routes:73] Dispatching "index" in "index(DayDayUp::Index)"
[Tue Dec  9 12:38:29 2008][debug][MojoX::Dispatcher::Routes:73] Dispatching "index" in "notes(DayDayUp::Notes)"
[Tue Dec  9 12:38:31 2008][debug][MojoX::Dispatcher::Routes:73] Dispatching "add" in "notes(DayDayUp::Notes)"
[Tue Dec  9 12:38:32 2008][debug][MojoX::Dispatcher::Routes:73] Dispatching "index" in "favicon.ico(DayDayUp::Favicon.ico)"
[Tue Dec  9 12:38:32 2008][debug][MojoX::Dispatcher::Routes:73] Dispatching "index" in "favicon.ico(DayDayUp::Favicon.ico)"
[Tue Dec  9 12:38:44 2008][debug][MojoX::Dispatcher::Routes:73] Dispatching "add" in "notes(DayDayUp::Notes)"
[Tue Dec  9 12:38:47 2008][debug][MojoX::Dispatcher::Routes:73] Dispatching "index" in "notes(DayDayUp::Notes)"
[Tue Dec  9 13:06:15 2008][debug][MojoX::Dispatcher::Routes:73] Dispatching "edit" in "notes(DayDayUp::Notes)"
[Tue Dec  9 13:06:19 2008][debug][MojoX::Dispatcher::Routes:73] Dispatching "edit" in "notes(DayDayUp::Notes)"
[Tue Dec  9 13:06:22 2008][debug][MojoX::Dispatcher::Routes:73] Dispatching "index" in "notes(DayDayUp::Notes)"
[Tue Dec  9 14:09:49 2008][debug][MojoX::Dispatcher::Routes:73] Dispatching "index" in "notes(DayDayUp::Notes)"
[Tue Dec  9 15:17:45 2008][debug][MojoX::Dispatcher::Routes:73] Dispatching "index" in "backup(DayDayUp::Backup)"
[Tue Dec  9 15:17:52 2008][debug][MojoX::Dispatcher::Routes:73] Dispatching "ftp" in "backup(DayDayUp::Backup)"
[Tue Dec  9 15:18:00 2008][debug][MojoX::Dispatcher::Routes:73] Dispatching "index" in "notes(DayDayUp::Notes)"
[Wed Dec 10 09:02:42 2008][info][Mojo::Server::Daemon:40] Server started (http://127.0.0.1:3000)
[Wed Dec 10 09:52:05 2008][debug][MojoX::Dispatcher::Routes:73] Dispatching "index" in "index(DayDayUp::Index)"
[Wed Dec 10 09:52:07 2008][debug][MojoX::Dispatcher::Routes:73] Dispatching "index" in "notes(DayDayUp::Notes)"
[Wed Dec 10 10:00:21 2008][debug][MojoX::Dispatcher::Routes:73] Dispatching "index" in "notes(DayDayUp::Notes)"
[Wed Dec 10 10:01:11 2008][debug][MojoX::Dispatcher::Routes:73] Dispatching "add" in "notes(DayDayUp::Notes)"
[Wed Dec 10 10:01:31 2008][debug][MojoX::Dispatcher::Routes:73] Dispatching "add" in "notes(DayDayUp::Notes)"
[Wed Dec 10 10:01:33 2008][debug][MojoX::Dispatcher::Routes:73] Dispatching "index" in "notes(DayDayUp::Notes)"
[Wed Dec 10 10:01:41 2008][debug][MojoX::Dispatcher::Routes:73] Dispatching "update" in "notes(DayDayUp::Notes)"
[Wed Dec 10 10:01:43 2008][debug][MojoX::Dispatcher::Routes:73] Dispatching "index" in "notes(DayDayUp::Notes)"
[Wed Dec 10 10:01:48 2008][debug][MojoX::Dispatcher::Routes:73] Dispatching "update" in "notes(DayDayUp::Notes)"
[Wed Dec 10 10:01:50 2008][debug][MojoX::Dispatcher::Routes:73] Dispatching "index" in "notes(DayDayUp::Notes)"
[Wed Dec 10 10:01:53 2008][debug][MojoX::Dispatcher::Routes:73] Dispatching "update" in "notes(DayDayUp::Notes)"
[Wed Dec 10 10:01:56 2008][debug][MojoX::Dispatcher::Routes:73] Dispatching "index" in "notes(DayDayUp::Notes)"
[Wed Dec 10 10:36:19 2008][debug][MojoX::Dispatcher::Routes:73] Dispatching "add" in "notes(DayDayUp::Notes)"
[Wed Dec 10 10:36:28 2008][debug][MojoX::Dispatcher::Routes:73] Dispatching "add" in "notes(DayDayUp::Notes)"
[Wed Dec 10 10:36:31 2008][debug][MojoX::Dispatcher::Routes:73] Dispatching "index" in "notes(DayDayUp::Notes)"
[Wed Dec 10 12:48:51 2008][debug][MojoX::Dispatcher::Routes:73] Dispatching "index" in "notes(DayDayUp::Notes)"
[Thu Dec 11 09:20:37 2008][info][Mojo::Server::Daemon:40] Server started (http://127.0.0.1:3000)
[Thu Dec 11 09:35:59 2008][debug][MojoX::Dispatcher::Routes:73] Dispatching "index" in "notes(DayDayUp::Notes)"
[Thu Dec 11 09:36:04 2008][debug][MojoX::Dispatcher::Routes:73] Dispatching "update" in "notes(DayDayUp::Notes)"
[Thu Dec 11 09:36:06 2008][debug][MojoX::Dispatcher::Routes:73] Dispatching "index" in "notes(DayDayUp::Notes)"
[Thu Dec 11 09:39:25 2008][debug][MojoX::Dispatcher::Routes:73] Dispatching "add" in "notes(DayDayUp::Notes)"
[Thu Dec 11 09:39:49 2008][debug][MojoX::Dispatcher::Routes:73] Dispatching "add" in "notes(DayDayUp::Notes)"
[Thu Dec 11 09:39:51 2008][debug][MojoX::Dispatcher::Routes:73] Dispatching "index" in "notes(DayDayUp::Notes)"
[Thu Dec 11 09:44:10 2008][debug][MojoX::Dispatcher::Routes:73] Dispatching "add" in "notes(DayDayUp::Notes)"
[Thu Dec 11 09:44:20 2008][debug][MojoX::Dispatcher::Routes:73] Dispatching "add" in "notes(DayDayUp::Notes)"
[Thu Dec 11 09:44:22 2008][debug][MojoX::Dispatcher::Routes:73] Dispatching "index" in "notes(DayDayUp::Notes)"
[Thu Dec 11 12:14:37 2008][debug][MojoX::Dispatcher::Routes:73] Dispatching "index" in "notes(DayDayUp::Notes)"
[Thu Dec 11 12:28:04 2008][debug][MojoX::Dispatcher::Routes:73] Dispatching "index" in "notes(DayDayUp::Notes)"
[Thu Dec 11 12:28:05 2008][debug][MojoX::Dispatcher::Routes:73] Dispatching "index" in "favicon.ico(DayDayUp::Favicon.ico)"
[Thu Dec 11 12:28:09 2008][debug][MojoX::Dispatcher::Routes:73] Dispatching "index" in "favicon.ico(DayDayUp::Favicon.ico)"
[Thu Dec 11 16:44:10 2008][info][Mojo::Server::Daemon:40] Server started (http://127.0.0.1:3000)
[Thu Dec 11 16:44:10 2008][debug][MojoX::Dispatcher::Routes:73] Dispatching "index" in "index(DayDayUp::Index)"
[Thu Dec 11 16:44:11 2008][debug][MojoX::Dispatcher::Routes:73] Dispatching "index" in "notes(DayDayUp::Notes)"
[Thu Dec 11 16:44:13 2008][debug][MojoX::Dispatcher::Routes:73] Dispatching "add" in "notes(DayDayUp::Notes)"
[Thu Dec 11 16:44:23 2008][debug][MojoX::Dispatcher::Routes:73] Dispatching "add" in "notes(DayDayUp::Notes)"
[Thu Dec 11 16:44:26 2008][debug][MojoX::Dispatcher::Routes:73] Dispatching "index" in "notes(DayDayUp::Notes)"
[Fri Dec 12 12:28:50 2008][info][Mojo::Server::Daemon:40] Server started (http://127.0.0.1:3000)
[Fri Dec 12 12:28:54 2008][debug][MojoX::Dispatcher::Routes:73] Dispatching "index" in "index(DayDayUp::Index)"
[Fri Dec 12 12:28:57 2008][debug][MojoX::Dispatcher::Routes:73] Dispatching "index" in "notes(DayDayUp::Notes)"
[Fri Dec 12 12:28:58 2008][debug][MojoX::Dispatcher::Routes:73] Dispatching "index" in "favicon.ico(DayDayUp::Favicon.ico)"
[Fri Dec 12 12:40:09 2008][debug][MojoX::Dispatcher::Routes:73] Dispatching "update" in "notes(DayDayUp::Notes)"
[Fri Dec 12 12:40:12 2008][debug][MojoX::Dispatcher::Routes:73] Dispatching "index" in "notes(DayDayUp::Notes)"
[Fri Dec 12 13:50:36 2008][debug][MojoX::Dispatcher::Routes:73] Dispatching "update" in "notes(DayDayUp::Notes)"
[Fri Dec 12 13:50:39 2008][debug][MojoX::Dispatcher::Routes:73] Dispatching "index" in "notes(DayDayUp::Notes)"
[Fri Dec 12 13:50:43 2008][debug][MojoX::Dispatcher::Routes:73] Dispatching "edit" in "notes(DayDayUp::Notes)"
[Fri Dec 12 13:50:51 2008][debug][MojoX::Dispatcher::Routes:73] Dispatching "edit" in "notes(DayDayUp::Notes)"
[Fri Dec 12 13:50:53 2008][debug][MojoX::Dispatcher::Routes:73] Dispatching "index" in "notes(DayDayUp::Notes)"
[Fri Dec 12 13:51:07 2008][debug][MojoX::Dispatcher::Routes:73] Dispatching "update" in "notes(DayDayUp::Notes)"
[Fri Dec 12 13:51:09 2008][debug][MojoX::Dispatcher::Routes:73] Dispatching "index" in "notes(DayDayUp::Notes)"
[Fri Dec 12 13:51:11 2008][debug][MojoX::Dispatcher::Routes:73] Dispatching "update" in "notes(DayDayUp::Notes)"
[Fri Dec 12 13:51:13 2008][debug][MojoX::Dispatcher::Routes:73] Dispatching "index" in "notes(DayDayUp::Notes)"
[Fri Dec 12 13:51:17 2008][debug][MojoX::Dispatcher::Routes:73] Dispatching "index" in "backup(DayDayUp::Backup)"
[Fri Dec 12 13:51:21 2008][debug][MojoX::Dispatcher::Routes:73] Dispatching "ftp" in "backup(DayDayUp::Backup)"
[Mon Dec 15 08:52:16 2008][info][Mojo::Server::Daemon:40] Server started (http://127.0.0.1:3000)
[Mon Dec 15 08:52:28 2008][debug][MojoX::Dispatcher::Routes:73] Dispatching "index" in "index(DayDayUp::Index)"
[Mon Dec 15 08:52:28 2008][debug][MojoX::Renderer:69] Rendering with handler "html"
[Mon Dec 15 08:52:28 2008][debug][MojoX::Dispatcher::Routes:73] Dispatching "index" in "favicon.ico(DayDayUp::Favicon.ico)"
[Mon Dec 15 08:52:31 2008][debug][MojoX::Dispatcher::Routes:73] Dispatching "index" in "favicon.ico(DayDayUp::Favicon.ico)"
[Mon Dec 15 08:54:51 2008][info][Mojo::Server::Daemon:40] Server started (http://127.0.0.1:3000)
[Mon Dec 15 08:55:00 2008][debug][MojoX::Dispatcher::Routes:73] Dispatching "index" in "index(DayDayUp::Index)"
[Mon Dec 15 08:55:00 2008][debug][MojoX::Renderer:69] Rendering with handler "html"
[Mon Dec 15 08:55:05 2008][debug][MojoX::Dispatcher::Routes:73] Dispatching "index" in "notes(DayDayUp::Notes)"
[Mon Dec 15 08:55:06 2008][debug][MojoX::Renderer:69] Rendering with handler "html"
[Mon Dec 15 08:55:11 2008][debug][MojoX::Dispatcher::Routes:73] Dispatching "update" in "notes(DayDayUp::Notes)"
[Mon Dec 15 08:55:11 2008][debug][MojoX::Renderer:69] Rendering with handler "html"
[Mon Dec 15 08:55:13 2008][debug][MojoX::Dispatcher::Routes:73] Dispatching "index" in "notes(DayDayUp::Notes)"
[Mon Dec 15 08:55:13 2008][debug][MojoX::Renderer:69] Rendering with handler "html"
[Mon Dec 15 08:58:51 2008][debug][MojoX::Dispatcher::Routes:73] Dispatching "index" in "notes(DayDayUp::Notes)"
[Mon Dec 15 08:58:51 2008][debug][MojoX::Renderer:69] Rendering with handler "html"
[Mon Dec 15 08:59:06 2008][debug][MojoX::Dispatcher::Routes:73] Dispatching "index" in "index(DayDayUp::Index)"
[Mon Dec 15 08:59:06 2008][debug][MojoX::Renderer:69] Rendering with handler "html"
[Mon Dec 15 09:23:01 2008][debug][MojoX::Dispatcher::Routes:73] Dispatching "index" in "notes(DayDayUp::Notes)"
[Mon Dec 15 09:23:02 2008][debug][MojoX::Renderer:69] Rendering with handler "html"
[Mon Dec 15 09:23:03 2008][debug][MojoX::Dispatcher::Routes:73] Dispatching "add" in "notes(DayDayUp::Notes)"
[Mon Dec 15 09:23:03 2008][debug][MojoX::Renderer:69] Rendering with handler "html"
[Mon Dec 15 09:23:10 2008][debug][MojoX::Dispatcher::Routes:73] Dispatching "add" in "notes(DayDayUp::Notes)"
[Mon Dec 15 09:23:11 2008][debug][MojoX::Renderer:69] Rendering with handler "html"
[Mon Dec 15 09:23:13 2008][debug][MojoX::Dispatcher::Routes:73] Dispatching "index" in "notes(DayDayUp::Notes)"
[Mon Dec 15 09:23:13 2008][debug][MojoX::Renderer:69] Rendering with handler "html"
[Mon Dec 15 09:32:52 2008][debug][MojoX::Dispatcher::Routes:73] Dispatching "update" in "notes(DayDayUp::Notes)"
[Mon Dec 15 09:32:53 2008][debug][MojoX::Renderer:69] Rendering with handler "html"
[Mon Dec 15 09:32:55 2008][debug][MojoX::Dispatcher::Routes:73] Dispatching "index" in "notes(DayDayUp::Notes)"
[Mon Dec 15 09:32:55 2008][debug][MojoX::Renderer:69] Rendering with handler "html"
[Mon Dec 15 09:38:53 2008][info][Mojo::Server::Daemon:40] Server started (http://127.0.0.1:3000)
[Mon Dec 15 09:39:00 2008][debug][MojoX::Dispatcher::Routes:73] Dispatching "index" in "index(DayDayUp::Index)"
[Mon Dec 15 09:39:00 2008][debug][MojoX::Renderer:69] Rendering with handler "html"
[Mon Dec 15 09:39:49 2008][info][Mojo::Server::Daemon:40] Server started (http://127.0.0.1:3000)
[Mon Dec 15 09:39:58 2008][debug][MojoX::Dispatcher::Routes:73] Dispatching "index" in "index(DayDayUp::Index)"
[Mon Dec 15 09:39:58 2008][debug][MojoX::Renderer:69] Rendering with handler "html"
[Mon Dec 15 09:40:38 2008][info][Mojo::Server::Daemon:40] Server started (http://127.0.0.1:3000)
[Mon Dec 15 09:40:43 2008][debug][MojoX::Dispatcher::Routes:73] Dispatching "index" in "index(DayDayUp::Index)"
[Mon Dec 15 09:40:43 2008][debug][MojoX::Renderer:69] Rendering with handler "html"
[Mon Dec 15 09:42:08 2008][info][Mojo::Server::Daemon:40] Server started (http://127.0.0.1:3000)
[Mon Dec 15 09:42:11 2008][debug][MojoX::Dispatcher::Routes:73] Dispatching "index" in "index(DayDayUp::Index)"
[Mon Dec 15 09:42:11 2008][debug][MojoX::Renderer:69] Rendering with handler "html"
[Mon Dec 15 09:42:32 2008][debug][MojoX::Dispatcher::Routes:73] Dispatching "index" in "notes(DayDayUp::Notes)"
[Mon Dec 15 09:42:32 2008][debug][MojoX::Renderer:69] Rendering with handler "html"
[Mon Dec 15 09:42:34 2008][debug][MojoX::Dispatcher::Routes:73] Dispatching "add" in "notes(DayDayUp::Notes)"
[Mon Dec 15 09:42:34 2008][debug][MojoX::Renderer:69] Rendering with handler "html"
[Mon Dec 15 09:42:43 2008][debug][MojoX::Dispatcher::Routes:73] Dispatching "add" in "notes(DayDayUp::Notes)"
[Mon Dec 15 09:42:43 2008][debug][MojoX::Renderer:69] Rendering with handler "html"
[Mon Dec 15 09:42:45 2008][debug][MojoX::Dispatcher::Routes:73] Dispatching "index" in "notes(DayDayUp::Notes)"
[Mon Dec 15 09:42:45 2008][debug][MojoX::Renderer:69] Rendering with handler "html"
[Mon Dec 15 12:24:26 2008][info][Mojo::Server::Daemon:40] Server started (http://127.0.0.1:3000)
[Mon Dec 15 12:25:01 2008][debug][MojoX::Dispatcher::Routes:73] Dispatching "index" in "index(DayDayUp::Index)"
[Mon Dec 15 12:25:01 2008][debug][MojoX::Renderer:69] Rendering with handler "html"
[Mon Dec 15 12:25:04 2008][debug][MojoX::Dispatcher::Routes:73] Dispatching "index" in "notes(DayDayUp::Notes)"
[Mon Dec 15 12:25:05 2008][debug][MojoX::Renderer:69] Rendering with handler "html"
[Mon Dec 15 12:25:05 2008][debug][MojoX::Dispatcher::Routes:73] Dispatching "index" in "favicon.ico(DayDayUp::Favicon.ico)"
[Mon Dec 15 12:25:15 2008][debug][MojoX::Dispatcher::Routes:73] Dispatching "add" in "notes(DayDayUp::Notes)"
[Mon Dec 15 12:25:15 2008][debug][MojoX::Renderer:69] Rendering with handler "html"
[Mon Dec 15 12:25:24 2008][debug][MojoX::Dispatcher::Routes:73] Dispatching "add" in "notes(DayDayUp::Notes)"
[Mon Dec 15 12:25:24 2008][debug][MojoX::Renderer:69] Rendering with handler "html"
[Mon Dec 15 12:25:27 2008][debug][MojoX::Dispatcher::Routes:73] Dispatching "index" in "notes(DayDayUp::Notes)"
[Mon Dec 15 12:25:27 2008][debug][MojoX::Renderer:69] Rendering with handler "html"
[Mon Dec 15 12:55:15 2008][debug][MojoX::Dispatcher::Routes:73] Dispatching "index" in "notes(DayDayUp::Notes)"
[Mon Dec 15 12:55:15 2008][debug][MojoX::Renderer:69] Rendering with handler "html"
[Mon Dec 15 12:55:19 2008][debug][MojoX::Dispatcher::Routes:73] Dispatching "update" in "notes(DayDayUp::Notes)"
[Mon Dec 15 12:55:19 2008][debug][MojoX::Renderer:69] Rendering with handler "html"
[Mon Dec 15 12:55:21 2008][debug][MojoX::Dispatcher::Routes:73] Dispatching "index" in "notes(DayDayUp::Notes)"
[Mon Dec 15 12:55:21 2008][debug][MojoX::Renderer:69] Rendering with handler "html"
[Mon Dec 15 13:01:23 2008][debug][MojoX::Dispatcher::Routes:73] Dispatching "index" in "notes(DayDayUp::Notes)"
[Mon Dec 15 13:01:23 2008][debug][MojoX::Renderer:69] Rendering with handler "html"
[Mon Dec 15 13:57:42 2008][debug][MojoX::Dispatcher::Routes:73] Dispatching "update" in "notes(DayDayUp::Notes)"
[Mon Dec 15 13:57:42 2008][debug][MojoX::Renderer:69] Rendering with handler "html"
[Mon Dec 15 13:57:45 2008][debug][MojoX::Dispatcher::Routes:73] Dispatching "index" in "notes(DayDayUp::Notes)"
[Mon Dec 15 13:57:45 2008][debug][MojoX::Renderer:69] Rendering with handler "html"
[Mon Dec 15 14:43:51 2008][info][Mojo::Server::Daemon:40] Server started (http://127.0.0.1:3000)
[Mon Dec 15 14:46:59 2008][debug][MojoX::Dispatcher::Routes:73] Dispatching "index" in "index(DayDayUp::Index)"
[Mon Dec 15 14:46:59 2008][debug][MojoX::Renderer:69] Rendering with handler "html"
[Mon Dec 15 14:47:01 2008][debug][MojoX::Dispatcher::Routes:73] Dispatching "index" in "notes(DayDayUp::Notes)"
[Mon Dec 15 14:47:02 2008][debug][MojoX::Renderer:69] Rendering with handler "html"
[Mon Dec 15 14:47:05 2008][debug][MojoX::Dispatcher::Routes:73] Dispatching "add" in "notes(DayDayUp::Notes)"
[Mon Dec 15 14:47:05 2008][debug][MojoX::Renderer:69] Rendering with handler "html"
[Mon Dec 15 14:47:31 2008][debug][MojoX::Dispatcher::Routes:73] Dispatching "add" in "notes(DayDayUp::Notes)"
[Mon Dec 15 14:47:31 2008][debug][MojoX::Renderer:69] Rendering with handler "html"
[Mon Dec 15 14:47:34 2008][debug][MojoX::Dispatcher::Routes:73] Dispatching "index" in "notes(DayDayUp::Notes)"
[Mon Dec 15 14:47:34 2008][debug][MojoX::Renderer:69] Rendering with handler "html"
[Mon Dec 15 14:50:05 2008][debug][MojoX::Dispatcher::Routes:73] Dispatching "index" in "index(DayDayUp::Index)"
[Mon Dec 15 14:50:05 2008][debug][MojoX::Renderer:69] Rendering with handler "html"
[Mon Dec 15 14:50:06 2008][debug][MojoX::Dispatcher::Routes:73] Dispatching "index" in "perl(DayDayUp::Perl)"
[Mon Dec 15 14:50:07 2008][debug][MojoX::Renderer:69] Rendering with handler "html"
[Mon Dec 15 14:50:07 2008][debug][MojoX::Dispatcher::Routes:73] Dispatching "find_pod" in "perl(DayDayUp::Perl)"
[Mon Dec 15 14:50:08 2008][debug][MojoX::Renderer:69] Rendering with handler "html"
[Mon Dec 15 14:50:13 2008][info][Mojo::Server::Daemon:40] Server started (http://127.0.0.1:3000)
[Tue Dec 16 08:54:23 2008][info][Mojo::Server::Daemon:40] Server started (http://127.0.0.1:3000)
[Tue Dec 16 09:18:45 2008][debug][MojoX::Dispatcher::Routes:73] Dispatching "index" in "index(DayDayUp::Index)"
[Tue Dec 16 09:18:45 2008][debug][MojoX::Renderer:69] Rendering with handler "html"
[Tue Dec 16 09:18:49 2008][debug][MojoX::Dispatcher::Routes:73] Dispatching "index" in "favicon.ico(DayDayUp::Favicon.ico)"
[Tue Dec 16 09:18:49 2008][debug][MojoX::Dispatcher::Routes:73] Dispatching "index" in "notes(DayDayUp::Notes)"
[Tue Dec 16 09:18:50 2008][debug][MojoX::Renderer:69] Rendering with handler "html"
[Tue Dec 16 09:18:53 2008][debug][MojoX::Dispatcher::Routes:73] Dispatching "update" in "notes(DayDayUp::Notes)"
[Tue Dec 16 09:18:54 2008][debug][MojoX::Renderer:69] Rendering with handler "html"
[Tue Dec 16 09:18:56 2008][debug][MojoX::Dispatcher::Routes:73] Dispatching "index" in "notes(DayDayUp::Notes)"
[Tue Dec 16 09:18:56 2008][debug][MojoX::Renderer:69] Rendering with handler "html"
[Tue Dec 16 12:18:18 2008][debug][MojoX::Dispatcher::Routes:73] Dispatching "index" in "notes(DayDayUp::Notes)"
[Tue Dec 16 12:18:20 2008][debug][MojoX::Renderer:69] Rendering with handler "html"
[Tue Dec 16 13:38:49 2008][debug][MojoX::Dispatcher::Routes:73] Dispatching "index" in "index(DayDayUp::Index)"
[Tue Dec 16 13:38:49 2008][debug][MojoX::Renderer:69] Rendering with handler "html"
[Tue Dec 16 13:38:53 2008][debug][MojoX::Dispatcher::Routes:73] Dispatching "index" in "notes(DayDayUp::Notes)"
[Tue Dec 16 13:38:53 2008][debug][MojoX::Renderer:69] Rendering with handler "html"
[Tue Dec 16 14:38:59 2008][debug][MojoX::Dispatcher::Routes:73] Dispatching "update" in "notes(DayDayUp::Notes)"
[Tue Dec 16 14:38:59 2008][debug][MojoX::Renderer:69] Rendering with handler "html"
[Tue Dec 16 14:39:01 2008][debug][MojoX::Dispatcher::Routes:73] Dispatching "index" in "notes(DayDayUp::Notes)"
[Tue Dec 16 14:39:01 2008][debug][MojoX::Renderer:69] Rendering with handler "html"
[Tue Dec 16 14:39:05 2008][debug][MojoX::Dispatcher::Routes:73] Dispatching "add" in "notes(DayDayUp::Notes)"
[Tue Dec 16 14:39:05 2008][debug][MojoX::Renderer:69] Rendering with handler "html"
[Tue Dec 16 14:39:22 2008][debug][MojoX::Dispatcher::Routes:73] Dispatching "add" in "notes(DayDayUp::Notes)"
[Tue Dec 16 14:39:22 2008][debug][MojoX::Renderer:69] Rendering with handler "html"
[Tue Dec 16 14:39:24 2008][debug][MojoX::Dispatcher::Routes:73] Dispatching "index" in "notes(DayDayUp::Notes)"
[Tue Dec 16 14:39:24 2008][debug][MojoX::Renderer:69] Rendering with handler "html"
[Tue Dec 16 14:39:26 2008][debug][MojoX::Dispatcher::Routes:73] Dispatching "index" in "backup(DayDayUp::Backup)"
[Tue Dec 16 14:39:26 2008][debug][MojoX::Renderer:69] Rendering with handler "html"
[Tue Dec 16 14:39:35 2008][debug][MojoX::Dispatcher::Routes:73] Dispatching "ftp" in "backup(DayDayUp::Backup)"
[Tue Dec 16 14:39:42 2008][debug][MojoX::Renderer:69] Rendering with handler "html"
[Tue Dec 16 14:39:55 2008][debug][MojoX::Dispatcher::Routes:73] Dispatching "index" in "notes(DayDayUp::Notes)"
[Tue Dec 16 14:39:55 2008][debug][MojoX::Renderer:69] Rendering with handler "html"
[Tue Dec 16 14:46:21 2008][debug][MojoX::Dispatcher::Routes:73] Dispatching "index" in "notes(DayDayUp::Notes)"
[Tue Dec 16 14:46:21 2008][debug][MojoX::Renderer:69] Rendering with handler "html"
[Tue Dec 16 16:09:56 2008][debug][MojoX::Dispatcher::Routes:73] Dispatching "index" in "notes(DayDayUp::Notes)"
[Tue Dec 16 16:09:56 2008][debug][MojoX::Renderer:69] Rendering with handler "html"
[Tue Dec 16 16:53:53 2008][debug][MojoX::Dispatcher::Routes:73] Dispatching "index" in "backup(DayDayUp::Backup)"
[Tue Dec 16 16:53:53 2008][debug][MojoX::Renderer:69] Rendering with handler "html"
[Tue Dec 16 16:53:56 2008][debug][MojoX::Dispatcher::Routes:73] Dispatching "ftp" in "backup(DayDayUp::Backup)"
[Tue Dec 16 16:53:59 2008][debug][MojoX::Renderer:69] Rendering with handler "html"
[Wed Dec 17 12:55:48 2008][info][Mojo::Server::Daemon:40] Server started (http://127.0.0.1:3000)
[Wed Dec 17 12:55:53 2008][debug][MojoX::Dispatcher::Routes:73] Dispatching "index" in "index(DayDayUp::Index)"
[Wed Dec 17 12:55:53 2008][debug][MojoX::Renderer:69] Rendering with handler "html"
[Wed Dec 17 12:55:56 2008][debug][MojoX::Dispatcher::Routes:73] Dispatching "index" in "notes(DayDayUp::Notes)"
[Wed Dec 17 12:55:56 2008][debug][MojoX::Renderer:69] Rendering with handler "html"
[Wed Dec 17 13:08:36 2008][info][Mojo::Server::Daemon:40] Server started (http://127.0.0.1:3000)
[Wed Dec 17 13:08:44 2008][debug][MojoX::Dispatcher::Routes:73] Dispatching "index" in "notes(DayDayUp::Notes)"
[Wed Dec 17 13:08:45 2008][debug][MojoX::Renderer:69] Rendering with handler "html"
[Wed Dec 17 13:08:58 2008][debug][MojoX::Dispatcher::Routes:73] Dispatching "update" in "notes(DayDayUp::Notes)"
[Wed Dec 17 13:08:59 2008][debug][MojoX::Renderer:69] Rendering with handler "html"
[Wed Dec 17 13:09:01 2008][debug][MojoX::Dispatcher::Routes:73] Dispatching "index" in "notes(DayDayUp::Notes)"
[Wed Dec 17 13:09:01 2008][debug][MojoX::Renderer:69] Rendering with handler "html"
[Wed Dec 17 13:10:38 2008][info][Mojo::Server::Daemon:40] Server started (http://127.0.0.1:3000)
[Wed Dec 17 13:11:02 2008][info][Mojo::Server::Daemon:40] Server started (http://127.0.0.1:3000)
[Wed Dec 17 13:11:05 2008][debug][MojoX::Dispatcher::Routes:73] Dispatching "index" in "notes(DayDayUp::Notes)"
[Wed Dec 17 13:11:06 2008][debug][MojoX::Renderer:69] Rendering with handler "html"
[Wed Dec 17 13:11:26 2008][debug][MojoX::Dispatcher::Routes:73] Dispatching "view_all" in "notes(DayDayUp::Notes)"
[Wed Dec 17 13:11:26 2008][debug][MojoX::Renderer:69] Rendering with handler "html"
[Wed Dec 17 13:13:01 2008][debug][MojoX::Dispatcher::Routes:73] Dispatching "view_all" in "notes(DayDayUp::Notes)"
[Wed Dec 17 13:13:01 2008][debug][MojoX::Renderer:69] Rendering with handler "html"
[Wed Dec 17 13:15:35 2008][info][Mojo::Server::Daemon:40] Server started (http://127.0.0.1:3000)
[Wed Dec 17 13:15:40 2008][debug][MojoX::Dispatcher::Routes:73] Dispatching "view_all" in "notes(DayDayUp::Notes)"
[Wed Dec 17 13:15:40 2008][debug][MojoX::Renderer:69] Rendering with handler "html"
[Wed Dec 17 13:15:42 2008][debug][MojoX::Dispatcher::Routes:73] Dispatching "view_all" in "notes(DayDayUp::Notes)"
[Wed Dec 17 13:15:42 2008][debug][MojoX::Renderer:69] Rendering with handler "html"
[Wed Dec 17 13:16:17 2008][debug][MojoX::Dispatcher::Routes:73] Dispatching "view_all" in "notes(DayDayUp::Notes)"
[Wed Dec 17 13:16:17 2008][debug][MojoX::Renderer:69] Rendering with handler "html"
[Wed Dec 17 13:16:31 2008][debug][MojoX::Dispatcher::Routes:73] Dispatching "view_all" in "notes(DayDayUp::Notes)"
[Wed Dec 17 13:16:31 2008][debug][MojoX::Renderer:69] Rendering with handler "html"
[Wed Dec 17 13:16:35 2008][debug][MojoX::Dispatcher::Routes:73] Dispatching "index" in "notes(DayDayUp::Notes)"
[Wed Dec 17 13:16:35 2008][debug][MojoX::Renderer:69] Rendering with handler "html"
